<?xml version="1.0" encoding="UTF-8"?>
<!-- Generated by org.testng.reporters.JUnitReportReporter -->
<testsuite skipped="0" hostname="DESKTOP-R3M2R8E" name="Academy.Homepage" tests="2" failures="0" timestamp="08 Jan 2021 05:13:20 GMT" time="58.048" errors="0">
  <testcase name="basepagenavigation" time="28.378" classname="Academy.Homepage"/>
  <testcase name="basepagenavigation" time="29.670" classname="Academy.Homepage"/>
</testsuite> <!-- Academy.Homepage -->
